<?xml version="1.0" encoding="UTF-8"?>
<testsuite name="CalculatorTest" tests="8" skipped="0" failures="0" errors="0" timestamp="2022-03-22T10:01:14" hostname="АЛЕКСЕЙ-ПК" time="0.022">
  <properties/>
  <testcase name="plusTest()" classname="CalculatorTest" time="0.012"/>
  <testcase name="isPositiveTest()" classname="CalculatorTest" time="0.001"/>
  <testcase name="compareTest()" classname="CalculatorTest" time="0.003"/>
  <testcase name="powTest()" classname="CalculatorTest" time="0.001"/>
  <testcase name="plusTestHamcrest()" classname="CalculatorTest" time="0.001"/>
  <testcase name="greaterTest()" classname="CalculatorTest" time="0.001"/>
  <testcase name="isPositiveHamcrest()" classname="CalculatorTest" time="0.002"/>
  <testcase name="powTestHamcrest()" classname="CalculatorTest" time="0.0"/>
  <system-out><![CDATA[]]></system-out>
  <system-err><![CDATA[]]></system-err>
</testsuite>
